Sun Nov 28 17:43:50 EST 2021 | tT(mins):   1.329 |  f: 0 | RT(s):  79.727 | aRT(s):  79.789  maxRT(s):  79.727 | minRT(s):  79.727 
Sun Nov 28 17:53:51 EST 2021 | tT(mins):  11.348 |  f: 1 | RT(s): 601.80  | aRT(s): 340.469  maxRT(s): 601.80  | minRT(s):  79.727 
Sun Nov 28 17:55:06 EST 2021 | tT(mins):  12.589 |  f: 1 | RT(s):  74.271 | aRT(s): 251.781  maxRT(s): 601.80  | minRT(s):  74.271 
Sun Nov 28 17:56:23 EST 2021 | tT(mins):  13.883 |  f: 1 | RT(s):  77.580 | aRT(s): 208.247  maxRT(s): 601.80  | minRT(s):  74.271 
Sun Nov 28 17:57:42 EST 2021 | tT(mins):  15.200 |  f: 1 | RT(s):  78.970 | aRT(s): 182.405  maxRT(s): 601.80  | minRT(s):  74.271 
Sun Nov 28 17:59:01 EST 2021 | tT(mins):  16.517 |  f: 1 | RT(s):  78.929 | aRT(s): 165.171  maxRT(s): 601.80  | minRT(s):  74.271 
Sun Nov 28 18:00:19 EST 2021 | tT(mins):  17.820 |  f: 1 | RT(s):  78.130 | aRT(s): 152.746  maxRT(s): 601.80  | minRT(s):  74.271 
Sun Nov 28 18:01:40 EST 2021 | tT(mins):  19.157 |  f: 1 | RT(s):  80.151 | aRT(s): 143.680  maxRT(s): 601.80  | minRT(s):  74.271 
Sun Nov 28 18:03:01 EST 2021 | tT(mins):  20.512 |  f: 1 | RT(s):  81.214 | aRT(s): 136.746  maxRT(s): 601.80  | minRT(s):  74.271 
Sun Nov 28 18:04:19 EST 2021 | tT(mins):  21.818 |  f: 1 | RT(s):  78.296 | aRT(s): 130.908  maxRT(s): 601.80  | minRT(s):  74.271 
Sun Nov 28 18:05:32 EST 2021 | tT(mins):  23.25  |  f: 1 | RT(s):  72.399 | aRT(s): 125.595  maxRT(s): 601.80  | minRT(s):  72.399 
Sun Nov 28 18:06:45 EST 2021 | tT(mins):  24.240 |  f: 1 | RT(s):  72.819 | aRT(s): 121.202  maxRT(s): 601.80  | minRT(s):  72.399 
Sun Nov 28 18:16:46 EST 2021 | tT(mins):  34.254 |  f: 2 | RT(s): 600.759 | aRT(s): 158.96   maxRT(s): 601.80  | minRT(s):  72.399 
Sun Nov 28 18:18:07 EST 2021 | tT(mins):  35.606 |  f: 2 | RT(s):  80.909 | aRT(s): 152.597  maxRT(s): 601.80  | minRT(s):  72.399 
Sun Nov 28 18:19:21 EST 2021 | tT(mins):  36.850 |  f: 2 | RT(s):  74.575 | aRT(s): 147.400  maxRT(s): 601.80  | minRT(s):  72.399 
Sun Nov 28 18:20:47 EST 2021 | tT(mins):  38.281 |  f: 2 | RT(s):  85.806 | aRT(s): 143.554  maxRT(s): 601.80  | minRT(s):  72.399 
Sun Nov 28 18:22:07 EST 2021 | tT(mins):  39.611 |  f: 2 | RT(s):  79.727 | aRT(s): 139.803  maxRT(s): 601.80  | minRT(s):  72.399 
Sun Nov 28 18:23:23 EST 2021 | tT(mins):  40.884 |  f: 2 | RT(s):  76.316 | aRT(s): 136.280  maxRT(s): 601.80  | minRT(s):  72.399 
Sun Nov 28 18:33:24 EST 2021 | tT(mins):  50.901 |  f: 3 | RT(s): 600.983 | aRT(s): 160.741  maxRT(s): 601.80  | minRT(s):  72.399 
Sun Nov 28 18:34:44 EST 2021 | tT(mins):  52.237 |  f: 3 | RT(s):  79.934 | aRT(s): 156.711  maxRT(s): 601.80  | minRT(s):  72.399 
Sun Nov 28 18:36:28 EST 2021 | tT(mins):  53.965 |  f: 3 | RT(s): 103.655 | aRT(s): 154.188  maxRT(s): 601.80  | minRT(s):  72.399 
Sun Nov 28 18:46:29 EST 2021 | tT(mins):  63.979 |  f: 4 | RT(s): 600.756 | aRT(s): 174.489  maxRT(s): 601.80  | minRT(s):  72.399 
Sun Nov 28 18:47:49 EST 2021 | tT(mins):  65.307 |  f: 4 | RT(s):  79.546 | aRT(s): 170.367  maxRT(s): 601.80  | minRT(s):  72.399 
Sun Nov 28 18:49:10 EST 2021 | tT(mins):  66.662 |  f: 4 | RT(s):  81.232 | aRT(s): 166.656  maxRT(s): 601.80  | minRT(s):  72.399 
Sun Nov 28 18:50:33 EST 2021 | tT(mins):  68.39  |  f: 4 | RT(s):  82.559 | aRT(s): 163.294  maxRT(s): 601.80  | minRT(s):  72.399 
Sun Nov 28 18:51:48 EST 2021 | tT(mins):  69.294 |  f: 4 | RT(s):  75.239 | aRT(s): 159.910  maxRT(s): 601.80  | minRT(s):  72.399 
Sun Nov 28 18:53:11 EST 2021 | tT(mins):  70.671 |  f: 4 | RT(s):  82.553 | aRT(s): 157.48   maxRT(s): 601.80  | minRT(s):  72.399 
Sun Nov 28 19:03:12 EST 2021 | tT(mins):  80.688 |  f: 5 | RT(s): 600.919 | aRT(s): 172.902  maxRT(s): 601.80  | minRT(s):  72.399 
Sun Nov 28 19:04:27 EST 2021 | tT(mins):  81.939 |  f: 5 | RT(s):  74.871 | aRT(s): 169.530  maxRT(s): 601.80  | minRT(s):  72.399 
Sun Nov 28 19:05:47 EST 2021 | tT(mins):  83.271 |  f: 5 | RT(s):  79.843 | aRT(s): 166.543  maxRT(s): 601.80  | minRT(s):  72.399 
Sun Nov 28 19:15:48 EST 2021 | tT(mins):  93.287 |  f: 6 | RT(s): 600.858 | aRT(s): 180.555  maxRT(s): 601.80  | minRT(s):  72.399 
Sun Nov 28 19:17:14 EST 2021 | tT(mins):  94.722 |  f: 6 | RT(s):  85.998 | aRT(s): 177.605  maxRT(s): 601.80  | minRT(s):  72.399 
Sun Nov 28 19:19:09 EST 2021 | tT(mins):  96.640 |  f: 6 | RT(s): 115.14  | aRT(s): 175.710  maxRT(s): 601.80  | minRT(s):  72.399 
Sun Nov 28 19:20:34 EST 2021 | tT(mins):  98.57  |  f: 6 | RT(s):  84.934 | aRT(s): 173.42   maxRT(s): 601.80  | minRT(s):  72.399 
Sun Nov 28 19:22:07 EST 2021 | tT(mins):  99.615 |  f: 6 | RT(s):  93.391 | aRT(s): 170.768  maxRT(s): 601.80  | minRT(s):  72.399 
Sun Nov 28 19:32:09 EST 2021 | tT(mins): 109.636 |  f: 7 | RT(s): 601.222 | aRT(s): 182.727  maxRT(s): 601.222 | minRT(s):  72.399 
Sun Nov 28 19:33:37 EST 2021 | tT(mins): 111.106 |  f: 7 | RT(s):  87.946 | aRT(s): 180.172  maxRT(s): 601.222 | minRT(s):  72.399 
Sun Nov 28 19:34:56 EST 2021 | tT(mins): 112.426 |  f: 7 | RT(s):  79.147 | aRT(s): 177.515  maxRT(s): 601.222 | minRT(s):  72.399 
Sun Nov 28 19:36:21 EST 2021 | tT(mins): 113.846 |  f: 7 | RT(s):  85.128 | aRT(s): 175.148  maxRT(s): 601.222 | minRT(s):  72.399 
Sun Nov 28 19:46:25 EST 2021 | tT(mins): 123.897 |  f: 8 | RT(s): 602.870 | aRT(s): 185.845  maxRT(s): 602.870 | minRT(s):  72.399 
Sun Nov 28 19:56:35 EST 2021 | tT(mins): 134.52  |  f: 9 | RT(s): 607.802 | aRT(s): 196.174  maxRT(s): 607.802 | minRT(s):  72.399 
Sun Nov 28 20:06:44 EST 2021 | tT(mins): 144.211 |  f: 10 | RT(s): 607.591 | aRT(s): 206.15   maxRT(s): 607.802 | minRT(s):  72.399 
Sun Nov 28 20:16:53 EST 2021 | tT(mins): 154.343 |  f: 11 | RT(s): 606.335 | aRT(s): 215.363  maxRT(s): 607.802 | minRT(s):  72.399 
Sun Nov 28 20:27:03 EST 2021 | tT(mins): 164.523 |  f: 12 | RT(s): 608.503 | aRT(s): 224.349  maxRT(s): 608.503 | minRT(s):  72.399 
Sun Nov 28 20:28:53 EST 2021 | tT(mins): 166.380 |  f: 12 | RT(s): 108.952 | aRT(s): 221.840  maxRT(s): 608.503 | minRT(s):  72.399 
Sun Nov 28 20:30:12 EST 2021 | tT(mins): 167.703 |  f: 12 | RT(s):  79.293 | aRT(s): 218.743  maxRT(s): 608.503 | minRT(s):  72.399 
Sun Nov 28 20:31:34 EST 2021 | tT(mins): 169.66  |  f: 12 | RT(s):  81.736 | aRT(s): 215.829  maxRT(s): 608.503 | minRT(s):  72.399 
Sun Nov 28 20:32:51 EST 2021 | tT(mins): 170.345 |  f: 12 | RT(s):  76.636 | aRT(s): 212.931  maxRT(s): 608.503 | minRT(s):  72.399 
Sun Nov 28 20:34:13 EST 2021 | tT(mins): 171.706 |  f: 12 | RT(s):  81.603 | aRT(s): 210.252  maxRT(s): 608.503 | minRT(s):  72.399 
Sun Nov 28 20:44:18 EST 2021 | tT(mins): 181.764 |  f: 13 | RT(s): 603.356 | aRT(s): 218.117  maxRT(s): 608.503 | minRT(s):  72.399 
Sun Nov 28 20:54:29 EST 2021 | tT(mins): 191.951 |  f: 14 | RT(s): 608.696 | aRT(s): 225.824  maxRT(s): 608.696 | minRT(s):  72.399 
Sun Nov 28 20:59:19 EST 2021 | tT(mins): 196.814 |  f: 15 | RT(s): 289.411 | aRT(s): 227.93   maxRT(s): 608.696 | minRT(s):  72.399 
Sun Nov 28 21:00:29 EST 2021 | tT(mins): 197.984 |  f: 15 | RT(s):  70.130 | aRT(s): 224.133  maxRT(s): 608.696 | minRT(s):  70.130 
Sun Nov 28 21:02:02 EST 2021 | tT(mins): 199.528 |  f: 15 | RT(s):  92.585 | aRT(s): 221.698  maxRT(s): 608.696 | minRT(s):  70.130 
Sun Nov 28 21:12:07 EST 2021 | tT(mins): 209.579 |  f: 16 | RT(s): 602.958 | aRT(s): 228.631  maxRT(s): 608.696 | minRT(s):  70.130 
Sun Nov 28 21:22:17 EST 2021 | tT(mins): 219.757 |  f: 17 | RT(s): 608.485 | aRT(s): 235.454  maxRT(s): 608.696 | minRT(s):  70.130 
Sun Nov 28 21:32:26 EST 2021 | tT(mins): 229.926 |  f: 18 | RT(s): 608.177 | aRT(s): 242.28   maxRT(s): 608.696 | minRT(s):  70.130 
Sun Nov 28 21:34:13 EST 2021 | tT(mins): 231.719 |  f: 18 | RT(s): 107.294 | aRT(s): 239.709  maxRT(s): 608.696 | minRT(s):  70.130 
Sun Nov 28 21:44:20 EST 2021 | tT(mins): 241.799 |  f: 19 | RT(s): 604.515 | aRT(s): 245.898  maxRT(s): 608.696 | minRT(s):  70.130 
Sun Nov 28 21:54:31 EST 2021 | tT(mins): 251.984 |  f: 20 | RT(s): 608.913 | aRT(s): 251.984  maxRT(s): 608.913 | minRT(s):  70.130 
Sun Nov 28 22:04:55 EST 2021 | tT(mins): 262.246 |  f: 21 | RT(s): 613.447 | aRT(s): 257.947  maxRT(s): 613.447 | minRT(s):  70.130 
Sun Nov 28 22:15:04 EST 2021 | tT(mins): 272.531 |  f: 22 | RT(s): 606.411 | aRT(s): 263.740  maxRT(s): 613.447 | minRT(s):  70.130 
Sun Nov 28 22:25:10 EST 2021 | tT(mins): 282.666 |  f: 23 | RT(s): 605.400 | aRT(s): 269.205  maxRT(s): 613.447 | minRT(s):  70.130 
Sun Nov 28 22:26:35 EST 2021 | tT(mins): 284.76  |  f: 23 | RT(s):  84.295 | aRT(s): 266.321  maxRT(s): 613.447 | minRT(s):  70.130 
Sun Nov 28 22:27:57 EST 2021 | tT(mins): 285.451 |  f: 23 | RT(s):  82.469 | aRT(s): 263.494  maxRT(s): 613.447 | minRT(s):  70.130 
Sun Nov 28 22:29:20 EST 2021 | tT(mins): 286.833 |  f: 23 | RT(s):  82.804 | aRT(s): 260.757  maxRT(s): 613.447 | minRT(s):  70.130 
Sun Nov 28 22:39:25 EST 2021 | tT(mins): 296.885 |  f: 24 | RT(s): 603.49  | aRT(s): 265.867  maxRT(s): 613.447 | minRT(s):  70.130 
Sun Nov 28 22:49:35 EST 2021 | tT(mins): 307.60  |  f: 25 | RT(s): 608.294 | aRT(s): 270.935  maxRT(s): 613.447 | minRT(s):  70.130 
Sun Nov 28 22:52:59 EST 2021 | tT(mins): 310.487 |  f: 25 | RT(s): 203.349 | aRT(s): 269.988  maxRT(s): 613.447 | minRT(s):  70.130 
Sun Nov 28 22:54:16 EST 2021 | tT(mins): 311.755 |  f: 25 | RT(s):  76.34  | aRT(s): 267.218  maxRT(s): 613.447 | minRT(s):  70.130 
Sun Nov 28 23:04:17 EST 2021 | tT(mins): 321.773 |  f: 26 | RT(s): 601.1   | aRT(s): 271.921  maxRT(s): 613.447 | minRT(s):  70.130 
Sun Nov 28 23:05:37 EST 2021 | tT(mins): 323.108 |  f: 26 | RT(s):  79.962 | aRT(s): 269.257  maxRT(s): 613.447 | minRT(s):  70.130 
Sun Nov 28 23:07:04 EST 2021 | tT(mins): 324.569 |  f: 26 | RT(s):  87.622 | aRT(s): 266.769  maxRT(s): 613.447 | minRT(s):  70.130 
Sun Nov 28 23:17:08 EST 2021 | tT(mins): 334.610 |  f: 27 | RT(s): 602.332 | aRT(s): 271.306  maxRT(s): 613.447 | minRT(s):  70.130 
Sun Nov 28 23:27:16 EST 2021 | tT(mins): 344.746 |  f: 28 | RT(s): 607.16  | aRT(s): 275.797  maxRT(s): 613.447 | minRT(s):  70.130 
Sun Nov 28 23:37:29 EST 2021 | tT(mins): 354.960 |  f: 29 | RT(s): 610.676 | aRT(s): 280.232  maxRT(s): 613.447 | minRT(s):  70.130 
Sun Nov 28 23:47:37 EST 2021 | tT(mins): 365.85  |  f: 30 | RT(s): 606.149 | aRT(s): 284.481  maxRT(s): 613.447 | minRT(s):  70.130 
Sun Nov 28 23:57:43 EST 2021 | tT(mins): 375.215 |  f: 31 | RT(s): 605.395 | aRT(s): 288.627  maxRT(s): 613.447 | minRT(s):  70.130 
Sun Nov 28 23:59:19 EST 2021 | tT(mins): 376.814 |  f: 31 | RT(s):  95.688 | aRT(s): 286.188  maxRT(s): 613.447 | minRT(s):  70.130 
Mon Nov 29 00:09:24 EST 2021 | tT(mins): 386.871 |  f: 32 | RT(s): 603.233 | aRT(s): 290.153  maxRT(s): 613.447 | minRT(s):  70.130 
Mon Nov 29 00:19:30 EST 2021 | tT(mins): 396.998 |  f: 33 | RT(s): 605.629 | aRT(s): 294.72   maxRT(s): 613.447 | minRT(s):  70.130 
Mon Nov 29 00:21:03 EST 2021 | tT(mins): 398.542 |  f: 33 | RT(s):  92.524 | aRT(s): 291.616  maxRT(s): 613.447 | minRT(s):  70.130 
Mon Nov 29 00:31:10 EST 2021 | tT(mins): 408.610 |  f: 34 | RT(s): 603.940 | aRT(s): 295.381  maxRT(s): 613.447 | minRT(s):  70.130 
Mon Nov 29 00:41:17 EST 2021 | tT(mins): 418.781 |  f: 35 | RT(s): 606.522 | aRT(s): 299.129  maxRT(s): 613.447 | minRT(s):  70.130 
Mon Nov 29 00:42:43 EST 2021 | tT(mins): 420.205 |  f: 35 | RT(s):  85.281 | aRT(s): 296.615  maxRT(s): 613.447 | minRT(s):  70.130 
Mon Nov 29 00:44:05 EST 2021 | tT(mins): 421.583 |  f: 35 | RT(s):  82.639 | aRT(s): 294.128  maxRT(s): 613.447 | minRT(s):  70.130 
Mon Nov 29 00:45:45 EST 2021 | tT(mins): 423.251 |  f: 35 | RT(s): 100.5   | aRT(s): 291.897  maxRT(s): 613.447 | minRT(s):  70.130 
Mon Nov 29 00:55:50 EST 2021 | tT(mins): 433.312 |  f: 36 | RT(s): 603.412 | aRT(s): 295.440  maxRT(s): 613.447 | minRT(s):  70.130 
Mon Nov 29 01:06:00 EST 2021 | tT(mins): 443.463 |  f: 37 | RT(s): 607.455 | aRT(s): 298.964  maxRT(s): 613.447 | minRT(s):  70.130 
Mon Nov 29 01:07:45 EST 2021 | tT(mins): 445.245 |  f: 37 | RT(s): 104.631 | aRT(s): 296.830  maxRT(s): 613.447 | minRT(s):  70.130 
Mon Nov 29 01:09:04 EST 2021 | tT(mins): 446.558 |  f: 37 | RT(s):  78.684 | aRT(s): 294.434  maxRT(s): 613.447 | minRT(s):  70.130 
Mon Nov 29 01:10:22 EST 2021 | tT(mins): 447.868 |  f: 37 | RT(s):  78.526 | aRT(s): 292.88   maxRT(s): 613.447 | minRT(s):  70.130 
Mon Nov 29 01:11:39 EST 2021 | tT(mins): 449.137 |  f: 37 | RT(s):  76.108 | aRT(s): 289.766  maxRT(s): 613.447 | minRT(s):  70.130 
Mon Nov 29 01:21:43 EST 2021 | tT(mins): 459.187 |  f: 38 | RT(s): 602.836 | aRT(s): 293.98   maxRT(s): 613.447 | minRT(s):  70.130 
Mon Nov 29 01:28:03 EST 2021 | tT(mins): 465.540 |  f: 39 | RT(s): 379.472 | aRT(s): 294.25   maxRT(s): 613.447 | minRT(s):  70.130 
Mon Nov 29 01:38:07 EST 2021 | tT(mins): 475.605 |  f: 40 | RT(s): 603.541 | aRT(s): 297.253  maxRT(s): 613.447 | minRT(s):  70.130 
Mon Nov 29 01:48:14 EST 2021 | tT(mins): 485.698 |  f: 41 | RT(s): 604.990 | aRT(s): 300.432  maxRT(s): 613.447 | minRT(s):  70.130 
Mon Nov 29 01:58:21 EST 2021 | tT(mins): 495.838 |  f: 42 | RT(s): 606.328 | aRT(s): 303.574  maxRT(s): 613.447 | minRT(s):  70.130 
Mon Nov 29 02:08:22 EST 2021 | tT(mins): 505.857 |  f: 43 | RT(s): 600.997 | aRT(s): 306.580  maxRT(s): 613.447 | minRT(s):  70.130 
Mon Nov 29 02:10:21 EST 2021 | tT(mins): 507.849 |  f: 43 | RT(s): 119.375 | aRT(s): 304.709  maxRT(s): 613.447 | minRT(s):  70.130 
Mon Nov 29 02:11:54 EST 2021 | tT(mins): 509.399 |  f: 43 | RT(s):  92.876 | aRT(s): 302.613  maxRT(s): 613.447 | minRT(s):  70.130 
Mon Nov 29 02:21:58 EST 2021 | tT(mins): 519.447 |  f: 44 | RT(s): 602.679 | aRT(s): 305.557  maxRT(s): 613.447 | minRT(s):  70.130 
Mon Nov 29 02:32:03 EST 2021 | tT(mins): 529.540 |  f: 45 | RT(s): 604.466 | aRT(s): 308.470  maxRT(s): 613.447 | minRT(s):  70.130 
Mon Nov 29 02:35:03 EST 2021 | tT(mins): 532.546 |  f: 45 | RT(s): 179.542 | aRT(s): 307.238  maxRT(s): 613.447 | minRT(s):  70.130 
Mon Nov 29 02:45:06 EST 2021 | tT(mins): 542.600 |  f: 46 | RT(s): 602.872 | aRT(s): 310.57   maxRT(s): 613.447 | minRT(s):  70.130 
Mon Nov 29 02:55:09 EST 2021 | tT(mins): 552.640 |  f: 47 | RT(s): 602.135 | aRT(s): 312.815  maxRT(s): 613.447 | minRT(s):  70.130 
Mon Nov 29 02:59:37 EST 2021 | tT(mins): 557.111 |  f: 48 | RT(s): 267.415 | aRT(s): 312.398  maxRT(s): 613.447 | minRT(s):  70.130 
Mon Nov 29 03:01:04 EST 2021 | tT(mins): 558.560 |  f: 48 | RT(s):  86.928 | aRT(s): 310.311  maxRT(s): 613.447 | minRT(s):  70.130 
Mon Nov 29 03:02:17 EST 2021 | tT(mins): 559.778 |  f: 49 | RT(s):  72.963 | aRT(s): 308.134  maxRT(s): 613.447 | minRT(s):  70.130 
Mon Nov 29 03:12:20 EST 2021 | tT(mins): 569.824 |  f: 50 | RT(s): 602.343 | aRT(s): 310.813  maxRT(s): 613.447 | minRT(s):  70.130 
Mon Nov 29 03:22:56 EST 2021 | tT(mins): 580.139 |  f: 51 | RT(s): 618.31  | aRT(s): 313.588  maxRT(s): 618.31  | minRT(s):  70.130 
Mon Nov 29 03:33:04 EST 2021 | tT(mins): 590.546 |  f: 52 | RT(s): 606.34  | aRT(s): 316.364  maxRT(s): 618.31  | minRT(s):  70.130 
Mon Nov 29 03:34:55 EST 2021 | tT(mins): 592.411 |  f: 52 | RT(s): 109.823 | aRT(s): 314.554  maxRT(s): 618.31  | minRT(s):  70.130 
Mon Nov 29 03:36:09 EST 2021 | tT(mins): 593.653 |  f: 52 | RT(s):  74.456 | aRT(s): 312.449  maxRT(s): 618.31  | minRT(s):  70.130 
Mon Nov 29 03:46:12 EST 2021 | tT(mins): 603.684 |  f: 53 | RT(s): 601.756 | aRT(s): 314.965  maxRT(s): 618.31  | minRT(s):  70.130 
Mon Nov 29 03:56:18 EST 2021 | tT(mins): 613.784 |  f: 54 | RT(s): 604.688 | aRT(s): 317.474  maxRT(s): 618.31  | minRT(s):  70.130 
Mon Nov 29 03:58:20 EST 2021 | tT(mins): 615.821 |  f: 54 | RT(s): 121.645 | aRT(s): 315.805  maxRT(s): 618.31  | minRT(s):  70.130 
Mon Nov 29 04:08:22 EST 2021 | tT(mins): 625.857 |  f: 55 | RT(s): 601.904 | aRT(s): 318.232  maxRT(s): 618.31  | minRT(s):  70.130 
Mon Nov 29 04:09:42 EST 2021 | tT(mins): 627.200 |  f: 55 | RT(s):  80.429 | aRT(s): 316.235  maxRT(s): 618.31  | minRT(s):  70.130 
Mon Nov 29 04:11:28 EST 2021 | tT(mins): 628.970 |  f: 55 | RT(s): 106.65  | aRT(s): 314.485  maxRT(s): 618.31  | minRT(s):  70.130 
Mon Nov 29 04:21:32 EST 2021 | tT(mins): 639.17  |  f: 56 | RT(s): 602.634 | aRT(s): 316.868  maxRT(s): 618.31  | minRT(s):  70.130 
Mon Nov 29 04:32:06 EST 2021 | tT(mins): 649.331 |  f: 57 | RT(s): 617.891 | aRT(s): 319.343  maxRT(s): 618.31  | minRT(s):  70.130 
Mon Nov 29 04:42:11 EST 2021 | tT(mins): 659.675 |  f: 58 | RT(s): 604.160 | aRT(s): 321.792  maxRT(s): 618.31  | minRT(s):  70.130 
Mon Nov 29 04:43:26 EST 2021 | tT(mins): 660.934 |  f: 58 | RT(s):  75.366 | aRT(s): 319.806  maxRT(s): 618.31  | minRT(s):  70.130 
Mon Nov 29 04:53:28 EST 2021 | tT(mins): 670.958 |  f: 59 | RT(s): 601.333 | aRT(s): 322.59   maxRT(s): 618.31  | minRT(s):  70.130 
Mon Nov 29 04:56:04 EST 2021 | tT(mins): 673.567 |  f: 59 | RT(s): 155.989 | aRT(s): 320.746  maxRT(s): 618.31  | minRT(s):  70.130 
Mon Nov 29 05:06:08 EST 2021 | tT(mins): 683.624 |  f: 60 | RT(s): 603.61  | aRT(s): 322.972  maxRT(s): 618.31  | minRT(s):  70.130 
Mon Nov 29 05:09:00 EST 2021 | tT(mins): 686.496 |  f: 60 | RT(s): 171.617 | aRT(s): 321.795  maxRT(s): 618.31  | minRT(s):  70.130 
Mon Nov 29 05:19:04 EST 2021 | tT(mins): 696.557 |  f: 61 | RT(s): 603.324 | aRT(s): 323.980  maxRT(s): 618.31  | minRT(s):  70.130 
Mon Nov 29 05:29:07 EST 2021 | tT(mins): 706.599 |  f: 62 | RT(s): 602.97  | aRT(s): 326.122  maxRT(s): 618.31  | minRT(s):  70.130 
Mon Nov 29 05:39:12 EST 2021 | tT(mins): 716.689 |  f: 63 | RT(s): 604.580 | aRT(s): 328.254  maxRT(s): 618.31  | minRT(s):  70.130 
Mon Nov 29 05:49:16 EST 2021 | tT(mins): 726.757 |  f: 64 | RT(s): 603.305 | aRT(s): 330.344  maxRT(s): 618.31  | minRT(s):  70.130 
Mon Nov 29 05:50:40 EST 2021 | tT(mins): 728.169 |  f: 64 | RT(s):  84.580 | aRT(s): 328.497  maxRT(s): 618.31  | minRT(s):  70.130 
Mon Nov 29 06:00:42 EST 2021 | tT(mins): 738.195 |  f: 65 | RT(s): 601.450 | aRT(s): 330.535  maxRT(s): 618.31  | minRT(s):  70.130 
Mon Nov 29 06:10:47 EST 2021 | tT(mins): 748.262 |  f: 66 | RT(s): 603.358 | aRT(s): 332.561  maxRT(s): 618.31  | minRT(s):  70.130 
Mon Nov 29 06:20:51 EST 2021 | tT(mins): 758.336 |  f: 67 | RT(s): 603.598 | aRT(s): 334.560  maxRT(s): 618.31  | minRT(s):  70.130 
Mon Nov 29 06:30:57 EST 2021 | tT(mins): 768.440 |  f: 68 | RT(s): 605.476 | aRT(s): 336.543  maxRT(s): 618.31  | minRT(s):  70.130 
Mon Nov 29 06:41:03 EST 2021 | tT(mins): 778.537 |  f: 69 | RT(s): 604.791 | aRT(s): 338.494  maxRT(s): 618.31  | minRT(s):  70.130 
Mon Nov 29 06:42:31 EST 2021 | tT(mins): 780.12  |  f: 69 | RT(s):  88.240 | aRT(s): 336.696  maxRT(s): 618.31  | minRT(s):  70.130 
Mon Nov 29 06:44:53 EST 2021 | tT(mins): 782.379 |  f: 69 | RT(s): 141.827 | aRT(s): 335.305  maxRT(s): 618.31  | minRT(s):  70.130 
Mon Nov 29 06:54:55 EST 2021 | tT(mins): 792.418 |  f: 70 | RT(s): 602.85  | aRT(s): 337.199  maxRT(s): 618.31  | minRT(s):  70.130 
Mon Nov 29 06:56:13 EST 2021 | tT(mins): 793.716 |  f: 70 | RT(s):  77.706 | aRT(s): 335.373  maxRT(s): 618.31  | minRT(s):  70.130 
Mon Nov 29 07:06:14 EST 2021 | tT(mins): 803.729 |  f: 71 | RT(s): 600.747 | aRT(s): 337.229  maxRT(s): 618.31  | minRT(s):  70.130 
Mon Nov 29 07:16:17 EST 2021 | tT(mins): 813.762 |  f: 72 | RT(s): 601.780 | aRT(s): 339.67   maxRT(s): 618.31  | minRT(s):  70.130 
Mon Nov 29 07:26:22 EST 2021 | tT(mins): 823.845 |  f: 73 | RT(s): 603.646 | aRT(s): 340.901  maxRT(s): 618.31  | minRT(s):  70.130 
Mon Nov 29 07:29:28 EST 2021 | tT(mins): 826.960 |  f: 73 | RT(s): 186.29  | aRT(s): 339.846  maxRT(s): 618.31  | minRT(s):  70.130 
Mon Nov 29 07:33:53 EST 2021 | tT(mins): 831.378 |  f: 74 | RT(s): 264.739 | aRT(s): 339.338  maxRT(s): 618.31  | minRT(s):  70.130 
Mon Nov 29 07:35:22 EST 2021 | tT(mins): 832.864 |  f: 74 | RT(s):  88.717 | aRT(s): 337.647  maxRT(s): 618.31  | minRT(s):  70.130 
Mon Nov 29 07:36:41 EST 2021 | tT(mins): 834.176 |  f: 74 | RT(s):  78.643 | aRT(s): 335.909  maxRT(s): 618.31  | minRT(s):  70.130 
Mon Nov 29 07:38:10 EST 2021 | tT(mins): 835.662 |  f: 74 | RT(s):  89.100 | aRT(s): 334.264  maxRT(s): 618.31  | minRT(s):  70.130 
Mon Nov 29 07:39:57 EST 2021 | tT(mins): 837.443 |  f: 74 | RT(s): 106.723 | aRT(s): 332.758  maxRT(s): 618.31  | minRT(s):  70.130 
Mon Nov 29 07:50:00 EST 2021 | tT(mins): 847.491 |  f: 75 | RT(s): 602.633 | aRT(s): 334.535  maxRT(s): 618.31  | minRT(s):  70.130 
Mon Nov 29 08:00:02 EST 2021 | tT(mins): 857.531 |  f: 76 | RT(s): 601.830 | aRT(s): 336.286  maxRT(s): 618.31  | minRT(s):  70.130 
Mon Nov 29 08:01:29 EST 2021 | tT(mins): 858.975 |  f: 77 | RT(s):  86.492 | aRT(s): 334.665  maxRT(s): 618.31  | minRT(s):  70.130 
Mon Nov 29 08:32:43 EST 2021 | tT(mins): 890.214 |  f: 77 | RT(s): 1874.109 | aRT(s): 344.599  maxRT(s): 1874.109 | minRT(s):  70.130 
Mon Nov 29 08:34:04 EST 2021 | tT(mins): 891.565 |  f: 77 | RT(s):  80.993 | aRT(s): 342.909  maxRT(s): 1874.109 | minRT(s):  70.130 
Mon Nov 29 08:35:28 EST 2021 | tT(mins): 892.956 |  f: 77 | RT(s):  83.399 | aRT(s): 341.257  maxRT(s): 1874.109 | minRT(s):  70.130 
Mon Nov 29 08:45:29 EST 2021 | tT(mins): 902.969 |  f: 78 | RT(s): 600.737 | aRT(s): 342.899  maxRT(s): 1874.109 | minRT(s):  70.130 
Mon Nov 29 08:46:46 EST 2021 | tT(mins): 904.260 |  f: 78 | RT(s):  77.223 | aRT(s): 341.230  maxRT(s): 1874.109 | minRT(s):  70.130 
Mon Nov 29 08:48:04 EST 2021 | tT(mins): 905.558 |  f: 78 | RT(s):  77.836 | aRT(s): 339.584  maxRT(s): 1874.109 | minRT(s):  70.130 
Mon Nov 29 08:49:21 EST 2021 | tT(mins): 906.840 |  f: 78 | RT(s):  76.865 | aRT(s): 337.952  maxRT(s): 1874.109 | minRT(s):  70.130 
Mon Nov 29 08:50:42 EST 2021 | tT(mins): 908.195 |  f: 78 | RT(s):  81.233 | aRT(s): 336.368  maxRT(s): 1874.109 | minRT(s):  70.130 
Mon Nov 29 09:00:43 EST 2021 | tT(mins): 918.208 |  f: 79 | RT(s): 600.750 | aRT(s): 337.991  maxRT(s): 1874.109 | minRT(s):  70.130 
Mon Nov 29 09:02:01 EST 2021 | tT(mins): 919.510 |  f: 79 | RT(s):  77.856 | aRT(s): 336.406  maxRT(s): 1874.109 | minRT(s):  70.130 
Mon Nov 29 09:03:23 EST 2021 | tT(mins): 920.882 |  f: 79 | RT(s):  82.269 | aRT(s): 334.866  maxRT(s): 1874.109 | minRT(s):  70.130 
Mon Nov 29 09:04:47 EST 2021 | tT(mins): 922.281 |  f: 79 | RT(s):  83.893 | aRT(s): 333.354  maxRT(s): 1874.109 | minRT(s):  70.130 
Mon Nov 29 09:06:05 EST 2021 | tT(mins): 923.575 |  f: 79 | RT(s):  77.558 | aRT(s): 331.823  maxRT(s): 1874.109 | minRT(s):  70.130 
Mon Nov 29 09:07:20 EST 2021 | tT(mins): 924.835 |  f: 79 | RT(s):  75.548 | aRT(s): 330.298  maxRT(s): 1874.109 | minRT(s):  70.130 
Mon Nov 29 09:08:39 EST 2021 | tT(mins): 926.149 |  f: 79 | RT(s):  78.770 | aRT(s): 328.810  maxRT(s): 1874.109 | minRT(s):  70.130 
Mon Nov 29 09:10:01 EST 2021 | tT(mins): 927.509 |  f: 79 | RT(s):  81.533 | aRT(s): 327.356  maxRT(s): 1874.109 | minRT(s):  70.130 
Mon Nov 29 09:11:13 EST 2021 | tT(mins): 928.713 |  f: 79 | RT(s):  72.157 | aRT(s): 325.864  maxRT(s): 1874.109 | minRT(s):  70.130 
Mon Nov 29 09:12:34 EST 2021 | tT(mins): 930.64  |  f: 79 | RT(s):  81.37  | aRT(s): 324.441  maxRT(s): 1874.109 | minRT(s):  70.130 
Mon Nov 29 09:13:53 EST 2021 | tT(mins): 931.372 |  f: 79 | RT(s):  78.401 | aRT(s): 323.19   maxRT(s): 1874.109 | minRT(s):  70.130 
Mon Nov 29 09:15:16 EST 2021 | tT(mins): 932.769 |  f: 79 | RT(s):  83.708 | aRT(s): 321.644  maxRT(s): 1874.109 | minRT(s):  70.130 
Mon Nov 29 09:16:35 EST 2021 | tT(mins): 934.77  |  f: 79 | RT(s):  78.415 | aRT(s): 320.255  maxRT(s): 1874.109 | minRT(s):  70.130 
Mon Nov 29 09:17:55 EST 2021 | tT(mins): 935.411 |  f: 79 | RT(s):  79.998 | aRT(s): 318.890  maxRT(s): 1874.109 | minRT(s):  70.130 
Mon Nov 29 09:19:15 EST 2021 | tT(mins): 936.747 |  f: 79 | RT(s):  80.94  | aRT(s): 317.541  maxRT(s): 1874.109 | minRT(s):  70.130 
Mon Nov 29 09:20:37 EST 2021 | tT(mins): 938.119 |  f: 79 | RT(s):  82.277 | aRT(s): 316.220  maxRT(s): 1874.109 | minRT(s):  70.130 
Mon Nov 29 09:21:54 EST 2021 | tT(mins): 939.389 |  f: 79 | RT(s):  76.101 | aRT(s): 314.879  maxRT(s): 1874.109 | minRT(s):  70.130 
Mon Nov 29 09:23:36 EST 2021 | tT(mins): 941.99  |  f: 79 | RT(s): 102.540 | aRT(s): 313.699  maxRT(s): 1874.109 | minRT(s):  70.130 
Mon Nov 29 09:33:37 EST 2021 | tT(mins): 951.112 |  f: 80 | RT(s): 600.706 | aRT(s): 315.285  maxRT(s): 1874.109 | minRT(s):  70.130 
Mon Nov 29 09:35:02 EST 2021 | tT(mins): 952.524 |  f: 80 | RT(s):  84.538 | aRT(s): 314.19   maxRT(s): 1874.109 | minRT(s):  70.130 
Mon Nov 29 09:36:16 EST 2021 | tT(mins): 953.761 |  f: 80 | RT(s):  74.142 | aRT(s): 312.708  maxRT(s): 1874.109 | minRT(s):  70.130 
Mon Nov 29 09:46:17 EST 2021 | tT(mins): 963.779 |  f: 81 | RT(s): 601.38  | aRT(s): 314.275  maxRT(s): 1874.109 | minRT(s):  70.130 
Mon Nov 29 09:47:36 EST 2021 | tT(mins): 965.93  |  f: 81 | RT(s):  78.347 | aRT(s): 313.3    maxRT(s): 1874.109 | minRT(s):  70.130 
Mon Nov 29 09:57:37 EST 2021 | tT(mins): 975.117 |  f: 82 | RT(s): 601.330 | aRT(s): 314.553  maxRT(s): 1874.109 | minRT(s):  70.130 
Mon Nov 29 09:59:08 EST 2021 | tT(mins): 976.636 |  f: 82 | RT(s):  90.847 | aRT(s): 313.359  maxRT(s): 1874.109 | minRT(s):  70.130 
Mon Nov 29 10:00:35 EST 2021 | tT(mins): 978.85  |  f: 82 | RT(s):  86.851 | aRT(s): 312.154  maxRT(s): 1874.109 | minRT(s):  70.130 
Mon Nov 29 10:02:15 EST 2021 | tT(mins): 979.743 |  f: 82 | RT(s):  99.375 | aRT(s): 311.29   maxRT(s): 1874.109 | minRT(s):  70.130 
Mon Nov 29 10:12:16 EST 2021 | tT(mins): 989.764 |  f: 83 | RT(s): 601.188 | aRT(s): 312.557  maxRT(s): 1874.109 | minRT(s):  70.130 
Mon Nov 29 10:22:18 EST 2021 | tT(mins): 999.787 |  f: 84 | RT(s): 601.153 | aRT(s): 314.69   maxRT(s): 1874.109 | minRT(s):  70.130 
Mon Nov 29 10:32:20 EST 2021 | tT(mins): 1009.821 |  f: 85 | RT(s): 601.633 | aRT(s): 315.569  maxRT(s): 1874.109 | minRT(s):  70.130 
Mon Nov 29 10:33:46 EST 2021 | tT(mins): 1011.267 |  f: 85 | RT(s):  86.231 | aRT(s): 314.383  maxRT(s): 1874.109 | minRT(s):  70.130 
Mon Nov 29 10:35:34 EST 2021 | tT(mins): 1013.64  |  f: 85 | RT(s): 107.706 | aRT(s): 313.318  maxRT(s): 1874.109 | minRT(s):  70.130 
Mon Nov 29 10:36:57 EST 2021 | tT(mins): 1014.444 |  f: 85 | RT(s):  82.654 | aRT(s): 312.136  maxRT(s): 1874.109 | minRT(s):  70.130 
Mon Nov 29 10:38:26 EST 2021 | tT(mins): 1015.920 |  f: 85 | RT(s):  88.491 | aRT(s): 310.996  maxRT(s): 1874.109 | minRT(s):  70.130 
Mon Nov 29 10:39:57 EST 2021 | tT(mins): 1017.438 |  f: 85 | RT(s):  90.979 | aRT(s): 309.879  maxRT(s): 1874.109 | minRT(s):  70.130 
Mon Nov 29 10:41:54 EST 2021 | tT(mins): 1019.401 |  f: 85 | RT(s): 117.647 | aRT(s): 308.909  maxRT(s): 1874.109 | minRT(s):  70.130 
Mon Nov 29 10:51:57 EST 2021 | tT(mins): 1029.445 |  f: 86 | RT(s): 602.517 | aRT(s): 310.385  maxRT(s): 1874.109 | minRT(s):  70.130 
Mon Nov 29 10:53:22 EST 2021 | tT(mins): 1030.870 |  f: 86 | RT(s):  85.296 | aRT(s): 309.261  maxRT(s): 1874.109 | minRT(s):  70.130 
Mon Nov 29 10:54:41 EST 2021 | tT(mins): 1032.178 |  f: 86 | RT(s):  78.423 | aRT(s): 308.112  maxRT(s): 1874.109 | minRT(s):  70.130 
Mon Nov 29 10:56:01 EST 2021 | tT(mins): 1033.505 |  f: 86 | RT(s):  79.579 | aRT(s): 306.981  maxRT(s): 1874.109 | minRT(s):  70.130 
Mon Nov 29 10:57:20 EST 2021 | tT(mins): 1034.826 |  f: 86 | RT(s):  79.206 | aRT(s): 305.860  maxRT(s): 1874.109 | minRT(s):  70.130 
Mon Nov 29 10:58:40 EST 2021 | tT(mins): 1036.158 |  f: 86 | RT(s):  79.820 | aRT(s): 304.752  maxRT(s): 1874.109 | minRT(s):  70.130 
Mon Nov 29 10:59:59 EST 2021 | tT(mins): 1037.486 |  f: 86 | RT(s):  79.661 | aRT(s): 303.654  maxRT(s): 1874.109 | minRT(s):  70.130 
Mon Nov 29 11:01:22 EST 2021 | tT(mins): 1038.865 |  f: 86 | RT(s):  82.638 | aRT(s): 302.582  maxRT(s): 1874.109 | minRT(s):  70.130 
Mon Nov 29 11:11:23 EST 2021 | tT(mins): 1048.879 |  f: 87 | RT(s): 600.816 | aRT(s): 304.23   maxRT(s): 1874.109 | minRT(s):  70.130 
