Sun Nov 14 20:12:05 EST 2021 | tT(mins):   0.86  |  f: 0 | RT(s):   5.123 | aRT(s):   5.191  maxRT(s):   5.123 | minRT(s):   5.123 
Sun Nov 14 20:12:12 EST 2021 | tT(mins):   0.205 |  f: 0 | RT(s):   7.84  | aRT(s):   6.172  maxRT(s):   7.84  | minRT(s):   5.123 
Sun Nov 14 20:12:19 EST 2021 | tT(mins):   0.322 |  f: 0 | RT(s):   6.921 | aRT(s):   6.443  maxRT(s):   7.84  | minRT(s):   5.123 
Sun Nov 14 20:12:27 EST 2021 | tT(mins):   0.449 |  f: 0 | RT(s):   7.560 | aRT(s):   6.739  maxRT(s):   7.560 | minRT(s):   5.123 
Sun Nov 14 20:12:34 EST 2021 | tT(mins):   0.574 |  f: 0 | RT(s):   7.447 | aRT(s):   6.895  maxRT(s):   7.560 | minRT(s):   5.123 
Sun Nov 14 20:12:37 EST 2021 | tT(mins):   0.623 |  f: 0 | RT(s):   2.839 | aRT(s):   6.231  maxRT(s):   7.560 | minRT(s):   2.839 
Sun Nov 14 20:12:42 EST 2021 | tT(mins):   0.705 |  f: 0 | RT(s):   4.853 | aRT(s):   6.44   maxRT(s):   7.560 | minRT(s):   2.839 
Sun Nov 14 20:12:47 EST 2021 | tT(mins):   0.783 |  f: 0 | RT(s):   4.651 | aRT(s):   5.879  maxRT(s):   7.560 | minRT(s):   2.839 
Sun Nov 14 20:12:52 EST 2021 | tT(mins):   0.874 |  f: 0 | RT(s):   5.374 | aRT(s):   5.830  maxRT(s):   7.560 | minRT(s):   2.839 
Sun Nov 14 20:12:57 EST 2021 | tT(mins):   0.954 |  f: 0 | RT(s):   4.728 | aRT(s):   5.727  maxRT(s):   7.560 | minRT(s):   2.839 
Sun Nov 14 20:13:03 EST 2021 | tT(mins):   1.65  |  f: 0 | RT(s):   6.603 | aRT(s):   5.812  maxRT(s):   7.560 | minRT(s):   2.839 
Sun Nov 14 20:13:11 EST 2021 | tT(mins):   1.188 |  f: 0 | RT(s):   7.281 | aRT(s):   5.940  maxRT(s):   7.560 | minRT(s):   2.839 
Sun Nov 14 20:13:22 EST 2021 | tT(mins):   1.370 |  f: 0 | RT(s):  10.884 | aRT(s):   6.326  maxRT(s):  10.884 | minRT(s):   2.839 
Sun Nov 14 20:13:32 EST 2021 | tT(mins):   1.543 |  f: 0 | RT(s):  10.277 | aRT(s):   6.613  maxRT(s):  10.884 | minRT(s):   2.839 
Sun Nov 14 20:13:39 EST 2021 | tT(mins):   1.655 |  f: 0 | RT(s):   6.667 | aRT(s):   6.621  maxRT(s):  10.884 | minRT(s):   2.839 
Sun Nov 14 20:13:43 EST 2021 | tT(mins):   1.720 |  f: 0 | RT(s):   3.841 | aRT(s):   6.452  maxRT(s):  10.884 | minRT(s):   2.839 
Sun Nov 14 20:13:54 EST 2021 | tT(mins):   1.913 |  f: 0 | RT(s):  11.504 | aRT(s):   6.753  maxRT(s):  11.504 | minRT(s):   2.839 
Sun Nov 14 20:14:02 EST 2021 | tT(mins):   2.33  |  f: 0 | RT(s):   7.114 | aRT(s):   6.777  maxRT(s):  11.504 | minRT(s):   2.839 
Sun Nov 14 20:14:06 EST 2021 | tT(mins):   2.108 |  f: 0 | RT(s):   4.481 | aRT(s):   6.659  maxRT(s):  11.504 | minRT(s):   2.839 
Sun Nov 14 20:14:16 EST 2021 | tT(mins):   2.268 |  f: 0 | RT(s):   9.463 | aRT(s):   6.804  maxRT(s):  11.504 | minRT(s):   2.839 
Sun Nov 14 20:14:24 EST 2021 | tT(mins):   2.399 |  f: 0 | RT(s):   7.827 | aRT(s):   6.855  maxRT(s):  11.504 | minRT(s):   2.839 
Sun Nov 14 20:14:27 EST 2021 | tT(mins):   2.458 |  f: 0 | RT(s):   3.457 | aRT(s):   6.704  maxRT(s):  11.504 | minRT(s):   2.839 
Sun Nov 14 20:14:30 EST 2021 | tT(mins):   2.515 |  f: 0 | RT(s):   3.381 | aRT(s):   6.562  maxRT(s):  11.504 | minRT(s):   2.839 
Sun Nov 14 20:14:37 EST 2021 | tT(mins):   2.624 |  f: 0 | RT(s):   6.480 | aRT(s):   6.561  maxRT(s):  11.504 | minRT(s):   2.839 
Sun Nov 14 20:14:42 EST 2021 | tT(mins):   2.705 |  f: 0 | RT(s):   4.776 | aRT(s):   6.492  maxRT(s):  11.504 | minRT(s):   2.839 
Sun Nov 14 20:14:53 EST 2021 | tT(mins):   2.887 |  f: 0 | RT(s):  10.857 | aRT(s):   6.663  maxRT(s):  11.504 | minRT(s):   2.839 
Sun Nov 14 20:15:05 EST 2021 | tT(mins):   3.96  |  f: 0 | RT(s):  12.483 | aRT(s):   6.881  maxRT(s):  12.483 | minRT(s):   2.839 
Sun Nov 14 20:15:13 EST 2021 | tT(mins):   3.220 |  f: 0 | RT(s):   7.369 | aRT(s):   6.901  maxRT(s):  12.483 | minRT(s):   2.839 
Sun Nov 14 20:15:19 EST 2021 | tT(mins):   3.331 |  f: 0 | RT(s):   6.609 | aRT(s):   6.893  maxRT(s):  12.483 | minRT(s):   2.839 
Sun Nov 14 20:15:28 EST 2021 | tT(mins):   3.478 |  f: 0 | RT(s):   8.747 | aRT(s):   6.957  maxRT(s):  12.483 | minRT(s):   2.839 
Sun Nov 14 20:15:34 EST 2021 | tT(mins):   3.568 |  f: 0 | RT(s):   5.316 | aRT(s):   6.906  maxRT(s):  12.483 | minRT(s):   2.839 
Sun Nov 14 20:15:39 EST 2021 | tT(mins):   3.663 |  f: 0 | RT(s):   5.616 | aRT(s):   6.868  maxRT(s):  12.483 | minRT(s):   2.839 
Sun Nov 14 20:15:48 EST 2021 | tT(mins):   3.815 |  f: 0 | RT(s):   9.26  | aRT(s):   6.936  maxRT(s):  12.483 | minRT(s):   2.839 
Sun Nov 14 20:15:54 EST 2021 | tT(mins):   3.908 |  f: 0 | RT(s):   5.552 | aRT(s):   6.897  maxRT(s):  12.483 | minRT(s):   2.839 
Sun Nov 14 20:16:06 EST 2021 | tT(mins):   4.107 |  f: 0 | RT(s):  11.858 | aRT(s):   7.41   maxRT(s):  12.483 | minRT(s):   2.839 
Sun Nov 14 20:16:18 EST 2021 | tT(mins):   4.299 |  f: 0 | RT(s):  11.446 | aRT(s):   7.165  maxRT(s):  12.483 | minRT(s):   2.839 
Sun Nov 14 20:16:25 EST 2021 | tT(mins):   4.425 |  f: 0 | RT(s):   7.495 | aRT(s):   7.176  maxRT(s):  12.483 | minRT(s):   2.839 
Sun Nov 14 20:16:33 EST 2021 | tT(mins):   4.565 |  f: 0 | RT(s):   8.319 | aRT(s):   7.208  maxRT(s):  12.483 | minRT(s):   2.839 
Sun Nov 14 20:16:43 EST 2021 | tT(mins):   4.718 |  f: 0 | RT(s):   9.91  | aRT(s):   7.259  maxRT(s):  12.483 | minRT(s):   2.839 
Sun Nov 14 20:16:46 EST 2021 | tT(mins):   4.779 |  f: 0 | RT(s):   3.579 | aRT(s):   7.168  maxRT(s):  12.483 | minRT(s):   2.839 
Sun Nov 14 20:16:49 EST 2021 | tT(mins):   4.825 |  f: 0 | RT(s):   2.674 | aRT(s):   7.61   maxRT(s):  12.483 | minRT(s):   2.674 
Sun Nov 14 20:16:57 EST 2021 | tT(mins):   4.954 |  f: 0 | RT(s):   7.660 | aRT(s):   7.77   maxRT(s):  12.483 | minRT(s):   2.674 
Sun Nov 14 20:17:03 EST 2021 | tT(mins):   5.56  |  f: 0 | RT(s):   6.64  | aRT(s):   7.55   maxRT(s):  12.483 | minRT(s):   2.674 
Sun Nov 14 20:17:06 EST 2021 | tT(mins):   5.112 |  f: 0 | RT(s):   3.305 | aRT(s):   6.971  maxRT(s):  12.483 | minRT(s):   2.674 
Sun Nov 14 20:17:11 EST 2021 | tT(mins):   5.195 |  f: 0 | RT(s):   4.894 | aRT(s):   6.926  maxRT(s):  12.483 | minRT(s):   2.674 
Sun Nov 14 20:17:21 EST 2021 | tT(mins):   5.350 |  f: 0 | RT(s):   9.277 | aRT(s):   6.979  maxRT(s):  12.483 | minRT(s):   2.674 
Sun Nov 14 20:17:25 EST 2021 | tT(mins):   5.430 |  f: 0 | RT(s):   4.698 | aRT(s):   6.932  maxRT(s):  12.483 | minRT(s):   2.674 
Sun Nov 14 20:17:32 EST 2021 | tT(mins):   5.547 |  f: 0 | RT(s):   6.972 | aRT(s):   6.934  maxRT(s):  12.483 | minRT(s):   2.674 
Sun Nov 14 20:17:36 EST 2021 | tT(mins):   5.606 |  f: 0 | RT(s):   3.483 | aRT(s):   6.865  maxRT(s):  12.483 | minRT(s):   2.674 
Sun Nov 14 20:17:43 EST 2021 | tT(mins):   5.718 |  f: 0 | RT(s):   6.643 | aRT(s):   6.862  maxRT(s):  12.483 | minRT(s):   2.674 
Sun Nov 14 20:17:47 EST 2021 | tT(mins):   5.786 |  f: 0 | RT(s):   4.33  | aRT(s):   6.808  maxRT(s):  12.483 | minRT(s):   2.674 
Sun Nov 14 20:17:50 EST 2021 | tT(mins):   5.842 |  f: 0 | RT(s):   3.250 | aRT(s):   6.741  maxRT(s):  12.483 | minRT(s):   2.674 
Sun Nov 14 20:18:02 EST 2021 | tT(mins):   6.39  |  f: 0 | RT(s):  11.777 | aRT(s):   6.837  maxRT(s):  12.483 | minRT(s):   2.674 
Sun Nov 14 20:18:15 EST 2021 | tT(mins):   6.252 |  f: 0 | RT(s):  12.677 | aRT(s):   6.946  maxRT(s):  12.677 | minRT(s):   2.674 
Sun Nov 14 20:18:18 EST 2021 | tT(mins):   6.313 |  f: 0 | RT(s):   3.594 | aRT(s):   6.886  maxRT(s):  12.677 | minRT(s):   2.674 
Sun Nov 14 20:18:21 EST 2021 | tT(mins):   6.361 |  f: 0 | RT(s):   2.867 | aRT(s):   6.816  maxRT(s):  12.677 | minRT(s):   2.674 
Sun Nov 14 20:18:26 EST 2021 | tT(mins):   6.448 |  f: 0 | RT(s):   5.120 | aRT(s):   6.787  maxRT(s):  12.677 | minRT(s):   2.674 
Sun Nov 14 20:18:31 EST 2021 | tT(mins):   6.530 |  f: 0 | RT(s):   4.835 | aRT(s):   6.755  maxRT(s):  12.677 | minRT(s):   2.674 
Sun Nov 14 20:18:35 EST 2021 | tT(mins):   6.588 |  f: 0 | RT(s):   3.466 | aRT(s):   6.700  maxRT(s):  12.677 | minRT(s):   2.674 
Sun Nov 14 20:18:41 EST 2021 | tT(mins):   6.690 |  f: 0 | RT(s):   6.27  | aRT(s):   6.690  maxRT(s):  12.677 | minRT(s):   2.674 
Sun Nov 14 20:18:44 EST 2021 | tT(mins):   6.746 |  f: 0 | RT(s):   3.302 | aRT(s):   6.636  maxRT(s):  12.677 | minRT(s):   2.674 
Sun Nov 14 20:18:50 EST 2021 | tT(mins):   6.849 |  f: 0 | RT(s):   6.76  | aRT(s):   6.628  maxRT(s):  12.677 | minRT(s):   2.674 
Sun Nov 14 20:18:58 EST 2021 | tT(mins):   6.970 |  f: 0 | RT(s):   7.202 | aRT(s):   6.638  maxRT(s):  12.677 | minRT(s):   2.674 
Sun Nov 14 20:19:05 EST 2021 | tT(mins):   7.95  |  f: 0 | RT(s):   7.429 | aRT(s):   6.651  maxRT(s):  12.677 | minRT(s):   2.674 
Sun Nov 14 20:19:13 EST 2021 | tT(mins):   7.230 |  f: 0 | RT(s):   8.19  | aRT(s):   6.673  maxRT(s):  12.677 | minRT(s):   2.674 
Sun Nov 14 20:19:18 EST 2021 | tT(mins):   7.313 |  f: 0 | RT(s):   4.910 | aRT(s):   6.648  maxRT(s):  12.677 | minRT(s):   2.674 
Sun Nov 14 20:19:24 EST 2021 | tT(mins):   7.401 |  f: 0 | RT(s):   5.231 | aRT(s):   6.628  maxRT(s):  12.677 | minRT(s):   2.674 
Sun Nov 14 20:19:27 EST 2021 | tT(mins):   7.460 |  f: 0 | RT(s):   3.514 | aRT(s):   6.583  maxRT(s):  12.677 | minRT(s):   2.674 
Sun Nov 14 20:19:33 EST 2021 | tT(mins):   7.557 |  f: 0 | RT(s):   5.700 | aRT(s):   6.571  maxRT(s):  12.677 | minRT(s):   2.674 
Sun Nov 14 20:19:37 EST 2021 | tT(mins):   7.622 |  f: 0 | RT(s):   3.848 | aRT(s):   6.533  maxRT(s):  12.677 | minRT(s):   2.674 
Sun Nov 14 20:19:42 EST 2021 | tT(mins):   7.711 |  f: 0 | RT(s):   5.299 | aRT(s):   6.516  maxRT(s):  12.677 | minRT(s):   2.674 
Sun Nov 14 20:19:51 EST 2021 | tT(mins):   7.861 |  f: 0 | RT(s):   8.940 | aRT(s):   6.551  maxRT(s):  12.677 | minRT(s):   2.674 
Sun Nov 14 20:20:00 EST 2021 | tT(mins):   7.999 |  f: 0 | RT(s):   8.208 | aRT(s):   6.575  maxRT(s):  12.677 | minRT(s):   2.674 
Sun Nov 14 20:20:04 EST 2021 | tT(mins):   8.82  |  f: 0 | RT(s):   4.878 | aRT(s):   6.553  maxRT(s):  12.677 | minRT(s):   2.674 
Sun Nov 14 20:20:13 EST 2021 | tT(mins):   8.228 |  f: 0 | RT(s):   8.712 | aRT(s):   6.582  maxRT(s):  12.677 | minRT(s):   2.674 
Sun Nov 14 20:20:23 EST 2021 | tT(mins):   8.397 |  f: 0 | RT(s):  10.61  | aRT(s):   6.629  maxRT(s):  12.677 | minRT(s):   2.674 
Sun Nov 14 20:20:28 EST 2021 | tT(mins):   8.471 |  f: 0 | RT(s):   4.370 | aRT(s):   6.600  maxRT(s):  12.677 | minRT(s):   2.674 
Sun Nov 14 20:20:36 EST 2021 | tT(mins):   8.611 |  f: 0 | RT(s):   8.379 | aRT(s):   6.624  maxRT(s):  12.677 | minRT(s):   2.674 
Sun Nov 14 20:20:39 EST 2021 | tT(mins):   8.663 |  f: 0 | RT(s):   3.10  | aRT(s):   6.579  maxRT(s):  12.677 | minRT(s):   2.674 
Sun Nov 14 20:20:48 EST 2021 | tT(mins):   8.813 |  f: 0 | RT(s):   8.930 | aRT(s):   6.609  maxRT(s):  12.677 | minRT(s):   2.674 
Sun Nov 14 20:20:52 EST 2021 | tT(mins):   8.875 |  f: 0 | RT(s):   3.687 | aRT(s):   6.574  maxRT(s):  12.677 | minRT(s):   2.674 
Sun Nov 14 20:20:59 EST 2021 | tT(mins):   8.996 |  f: 0 | RT(s):   7.196 | aRT(s):   6.582  maxRT(s):  12.677 | minRT(s):   2.674 
Sun Nov 14 20:21:02 EST 2021 | tT(mins):   9.44  |  f: 0 | RT(s):   2.822 | aRT(s):   6.538  maxRT(s):  12.677 | minRT(s):   2.674 
Sun Nov 14 20:21:05 EST 2021 | tT(mins):   9.93  |  f: 0 | RT(s):   2.864 | aRT(s):   6.495  maxRT(s):  12.677 | minRT(s):   2.674 
Sun Nov 14 20:21:14 EST 2021 | tT(mins):   9.247 |  f: 0 | RT(s):   9.149 | aRT(s):   6.527  maxRT(s):  12.677 | minRT(s):   2.674 
Sun Nov 14 20:21:20 EST 2021 | tT(mins):   9.343 |  f: 0 | RT(s):   5.737 | aRT(s):   6.519  maxRT(s):  12.677 | minRT(s):   2.674 
Sun Nov 14 20:21:25 EST 2021 | tT(mins):   9.426 |  f: 0 | RT(s):   4.869 | aRT(s):   6.500  maxRT(s):  12.677 | minRT(s):   2.674 
Sun Nov 14 20:21:33 EST 2021 | tT(mins):   9.551 |  f: 0 | RT(s):   7.484 | aRT(s):   6.512  maxRT(s):  12.677 | minRT(s):   2.674 
Sun Nov 14 20:21:37 EST 2021 | tT(mins):   9.617 |  f: 0 | RT(s):   3.859 | aRT(s):   6.483  maxRT(s):  12.677 | minRT(s):   2.674 
Sun Nov 14 20:21:39 EST 2021 | tT(mins):   9.663 |  f: 0 | RT(s):   2.672 | aRT(s):   6.442  maxRT(s):  12.677 | minRT(s):   2.672 
Sun Nov 14 20:21:42 EST 2021 | tT(mins):   9.711 |  f: 0 | RT(s):   2.836 | aRT(s):   6.403  maxRT(s):  12.677 | minRT(s):   2.672 
Sun Nov 14 20:21:45 EST 2021 | tT(mins):   9.759 |  f: 0 | RT(s):   2.843 | aRT(s):   6.365  maxRT(s):  12.677 | minRT(s):   2.672 
Sun Nov 14 20:21:51 EST 2021 | tT(mins):   9.854 |  f: 0 | RT(s):   5.627 | aRT(s):   6.357  maxRT(s):  12.677 | minRT(s):   2.672 
Sun Nov 14 20:22:02 EST 2021 | tT(mins):  10.36  |  f: 0 | RT(s):  10.831 | aRT(s):   6.406  maxRT(s):  12.677 | minRT(s):   2.672 
Sun Nov 14 20:22:16 EST 2021 | tT(mins):  10.266 |  f: 0 | RT(s):  13.763 | aRT(s):   6.484  maxRT(s):  13.763 | minRT(s):   2.672 
Sun Nov 14 20:22:25 EST 2021 | tT(mins):  10.420 |  f: 0 | RT(s):   9.132 | aRT(s):   6.512  maxRT(s):  13.763 | minRT(s):   2.672 
Sun Nov 14 20:22:30 EST 2021 | tT(mins):  10.511 |  f: 0 | RT(s):   5.406 | aRT(s):   6.501  maxRT(s):  13.763 | minRT(s):   2.672 
Sun Nov 14 20:22:40 EST 2021 | tT(mins):  10.667 |  f: 0 | RT(s):   9.323 | aRT(s):   6.531  maxRT(s):  13.763 | minRT(s):   2.672 
Sun Nov 14 20:22:44 EST 2021 | tT(mins):  10.738 |  f: 0 | RT(s):   4.185 | aRT(s):   6.508  maxRT(s):  13.763 | minRT(s):   2.672 
Sun Nov 14 20:22:50 EST 2021 | tT(mins):  10.833 |  f: 0 | RT(s):   5.641 | aRT(s):   6.500  maxRT(s):  13.763 | minRT(s):   2.672 
Sun Nov 14 20:22:55 EST 2021 | tT(mins):  10.928 |  f: 0 | RT(s):   5.631 | aRT(s):   6.492  maxRT(s):  13.763 | minRT(s):   2.672 
Sun Nov 14 20:23:00 EST 2021 | tT(mins):  11.8   |  f: 0 | RT(s):   4.706 | aRT(s):   6.475  maxRT(s):  13.763 | minRT(s):   2.672 
Sun Nov 14 20:23:05 EST 2021 | tT(mins):  11.98  |  f: 0 | RT(s):   5.334 | aRT(s):   6.465  maxRT(s):  13.763 | minRT(s):   2.672 
Sun Nov 14 20:23:15 EST 2021 | tT(mins):  11.255 |  f: 0 | RT(s):   9.341 | aRT(s):   6.493  maxRT(s):  13.763 | minRT(s):   2.672 
Sun Nov 14 20:23:23 EST 2021 | tT(mins):  11.389 |  f: 0 | RT(s):   7.982 | aRT(s):   6.508  maxRT(s):  13.763 | minRT(s):   2.672 
Sun Nov 14 20:23:29 EST 2021 | tT(mins):  11.495 |  f: 0 | RT(s):   6.304 | aRT(s):   6.506  maxRT(s):  13.763 | minRT(s):   2.672 
Sun Nov 14 20:23:36 EST 2021 | tT(mins):  11.607 |  f: 0 | RT(s):   6.634 | aRT(s):   6.508  maxRT(s):  13.763 | minRT(s):   2.672 
Sun Nov 14 20:23:44 EST 2021 | tT(mins):  11.734 |  f: 0 | RT(s):   7.542 | aRT(s):   6.519  maxRT(s):  13.763 | minRT(s):   2.672 
Sun Nov 14 20:23:50 EST 2021 | tT(mins):  11.847 |  f: 0 | RT(s):   6.704 | aRT(s):   6.521  maxRT(s):  13.763 | minRT(s):   2.672 
Sun Nov 14 20:23:58 EST 2021 | tT(mins):  11.966 |  f: 0 | RT(s):   7.97  | aRT(s):   6.527  maxRT(s):  13.763 | minRT(s):   2.672 
Sun Nov 14 20:24:01 EST 2021 | tT(mins):  12.31  |  f: 0 | RT(s):   3.821 | aRT(s):   6.503  maxRT(s):  13.763 | minRT(s):   2.672 
Sun Nov 14 20:24:09 EST 2021 | tT(mins):  12.158 |  f: 0 | RT(s):   7.543 | aRT(s):   6.513  maxRT(s):  13.763 | minRT(s):   2.672 
Sun Nov 14 20:24:14 EST 2021 | tT(mins):  12.243 |  f: 0 | RT(s):   5.61  | aRT(s):   6.501  maxRT(s):  13.763 | minRT(s):   2.672 
Sun Nov 14 20:24:17 EST 2021 | tT(mins):  12.292 |  f: 0 | RT(s):   2.880 | aRT(s):   6.469  maxRT(s):  13.763 | minRT(s):   2.672 
Sun Nov 14 20:24:20 EST 2021 | tT(mins):  12.347 |  f: 0 | RT(s):   3.238 | aRT(s):   6.442  maxRT(s):  13.763 | minRT(s):   2.672 
Sun Nov 14 20:24:29 EST 2021 | tT(mins):  12.494 |  f: 0 | RT(s):   8.700 | aRT(s):   6.462  maxRT(s):  13.763 | minRT(s):   2.672 
Sun Nov 14 20:24:39 EST 2021 | tT(mins):  12.656 |  f: 0 | RT(s):   9.678 | aRT(s):   6.490  maxRT(s):  13.763 | minRT(s):   2.672 
Sun Nov 14 20:24:44 EST 2021 | tT(mins):  12.737 |  f: 0 | RT(s):   4.771 | aRT(s):   6.476  maxRT(s):  13.763 | minRT(s):   2.672 
Sun Nov 14 20:24:49 EST 2021 | tT(mins):  12.823 |  f: 0 | RT(s):   5.122 | aRT(s):   6.465  maxRT(s):  13.763 | minRT(s):   2.672 
Sun Nov 14 20:24:52 EST 2021 | tT(mins):  12.879 |  f: 0 | RT(s):   3.288 | aRT(s):   6.439  maxRT(s):  13.763 | minRT(s):   2.672 
Sun Nov 14 20:25:01 EST 2021 | tT(mins):  13.26  |  f: 0 | RT(s):   8.761 | aRT(s):   6.459  maxRT(s):  13.763 | minRT(s):   2.672 
Sun Nov 14 20:25:04 EST 2021 | tT(mins):  13.71  |  f: 0 | RT(s):   2.638 | aRT(s):   6.428  maxRT(s):  13.763 | minRT(s):   2.638 
Sun Nov 14 20:25:12 EST 2021 | tT(mins):  13.207 |  f: 0 | RT(s):   8.53  | aRT(s):   6.442  maxRT(s):  13.763 | minRT(s):   2.638 
Sun Nov 14 20:25:19 EST 2021 | tT(mins):  13.318 |  f: 0 | RT(s):   6.591 | aRT(s):   6.444  maxRT(s):  13.763 | minRT(s):   2.638 
Sun Nov 14 20:25:26 EST 2021 | tT(mins):  13.438 |  f: 0 | RT(s):   7.144 | aRT(s):   6.450  maxRT(s):  13.763 | minRT(s):   2.638 
Sun Nov 14 20:25:34 EST 2021 | tT(mins):  13.570 |  f: 0 | RT(s):   7.857 | aRT(s):   6.462  maxRT(s):  13.763 | minRT(s):   2.638 
Sun Nov 14 20:25:39 EST 2021 | tT(mins):  13.658 |  f: 0 | RT(s):   5.226 | aRT(s):   6.452  maxRT(s):  13.763 | minRT(s):   2.638 
Sun Nov 14 20:25:48 EST 2021 | tT(mins):  13.805 |  f: 0 | RT(s):   8.743 | aRT(s):   6.471  maxRT(s):  13.763 | minRT(s):   2.638 
Sun Nov 14 20:25:53 EST 2021 | tT(mins):  13.886 |  f: 0 | RT(s):   4.800 | aRT(s):   6.458  maxRT(s):  13.763 | minRT(s):   2.638 
Sun Nov 14 20:25:58 EST 2021 | tT(mins):  13.979 |  f: 0 | RT(s):   5.498 | aRT(s):   6.452  maxRT(s):  13.763 | minRT(s):   2.638 
Sun Nov 14 20:26:03 EST 2021 | tT(mins):  14.59  |  f: 0 | RT(s):   4.748 | aRT(s):   6.439  maxRT(s):  13.763 | minRT(s):   2.638 
Sun Nov 14 20:26:10 EST 2021 | tT(mins):  14.174 |  f: 0 | RT(s):   6.850 | aRT(s):   6.443  maxRT(s):  13.763 | minRT(s):   2.638 
Sun Nov 14 20:26:15 EST 2021 | tT(mins):  14.259 |  f: 0 | RT(s):   5.37  | aRT(s):   6.433  maxRT(s):  13.763 | minRT(s):   2.638 
Sun Nov 14 20:26:20 EST 2021 | tT(mins):  14.337 |  f: 0 | RT(s):   4.580 | aRT(s):   6.419  maxRT(s):  13.763 | minRT(s):   2.638 
Sun Nov 14 20:26:25 EST 2021 | tT(mins):  14.418 |  f: 0 | RT(s):   4.777 | aRT(s):   6.408  maxRT(s):  13.763 | minRT(s):   2.638 
Sun Nov 14 20:26:33 EST 2021 | tT(mins):  14.549 |  f: 0 | RT(s):   7.807 | aRT(s):   6.418  maxRT(s):  13.763 | minRT(s):   2.638 
Sun Nov 14 20:26:38 EST 2021 | tT(mins):  14.636 |  f: 0 | RT(s):   5.174 | aRT(s):   6.410  maxRT(s):  13.763 | minRT(s):   2.638 
Sun Nov 14 20:26:45 EST 2021 | tT(mins):  14.759 |  f: 0 | RT(s):   7.321 | aRT(s):   6.417  maxRT(s):  13.763 | minRT(s):   2.638 
Sun Nov 14 20:26:52 EST 2021 | tT(mins):  14.877 |  f: 0 | RT(s):   6.995 | aRT(s):   6.421  maxRT(s):  13.763 | minRT(s):   2.638 
Sun Nov 14 20:27:02 EST 2021 | tT(mins):  15.40  |  f: 0 | RT(s):   9.712 | aRT(s):   6.445  maxRT(s):  13.763 | minRT(s):   2.638 
Sun Nov 14 20:27:16 EST 2021 | tT(mins):  15.266 |  f: 0 | RT(s):  13.470 | aRT(s):   6.496  maxRT(s):  13.763 | minRT(s):   2.638 
Sun Nov 14 20:27:21 EST 2021 | tT(mins):  15.362 |  f: 0 | RT(s):   5.697 | aRT(s):   6.491  maxRT(s):  13.763 | minRT(s):   2.638 
Sun Nov 14 20:27:26 EST 2021 | tT(mins):  15.441 |  f: 0 | RT(s):   4.668 | aRT(s):   6.478  maxRT(s):  13.763 | minRT(s):   2.638 
Sun Nov 14 20:27:31 EST 2021 | tT(mins):  15.523 |  f: 0 | RT(s):   4.879 | aRT(s):   6.468  maxRT(s):  13.763 | minRT(s):   2.638 
Sun Nov 14 20:27:39 EST 2021 | tT(mins):  15.655 |  f: 0 | RT(s):   7.832 | aRT(s):   6.478  maxRT(s):  13.763 | minRT(s):   2.638 
Sun Nov 14 20:27:42 EST 2021 | tT(mins):  15.711 |  f: 0 | RT(s):   3.323 | aRT(s):   6.456  maxRT(s):  13.763 | minRT(s):   2.638 
Sun Nov 14 20:27:47 EST 2021 | tT(mins):  15.795 |  f: 0 | RT(s):   4.961 | aRT(s):   6.447  maxRT(s):  13.763 | minRT(s):   2.638 
Sun Nov 14 20:27:57 EST 2021 | tT(mins):  15.952 |  f: 0 | RT(s):   9.332 | aRT(s):   6.467  maxRT(s):  13.763 | minRT(s):   2.638 
Sun Nov 14 20:28:02 EST 2021 | tT(mins):  16.40  |  f: 0 | RT(s):   5.218 | aRT(s):   6.459  maxRT(s):  13.763 | minRT(s):   2.638 
Sun Nov 14 20:28:08 EST 2021 | tT(mins):  16.135 |  f: 0 | RT(s):   5.636 | aRT(s):   6.454  maxRT(s):  13.763 | minRT(s):   2.638 
Sun Nov 14 20:28:12 EST 2021 | tT(mins):  16.215 |  f: 0 | RT(s):   4.756 | aRT(s):   6.443  maxRT(s):  13.763 | minRT(s):   2.638 
Sun Nov 14 20:28:18 EST 2021 | tT(mins):  16.299 |  f: 0 | RT(s):   4.981 | aRT(s):   6.434  maxRT(s):  13.763 | minRT(s):   2.638 
Sun Nov 14 20:28:27 EST 2021 | tT(mins):  16.459 |  f: 0 | RT(s):   9.507 | aRT(s):   6.454  maxRT(s):  13.763 | minRT(s):   2.638 
Sun Nov 14 20:28:37 EST 2021 | tT(mins):  16.616 |  f: 0 | RT(s):   9.347 | aRT(s):   6.473  maxRT(s):  13.763 | minRT(s):   2.638 
Sun Nov 14 20:28:43 EST 2021 | tT(mins):  16.729 |  f: 0 | RT(s):   6.751 | aRT(s):   6.476  maxRT(s):  13.763 | minRT(s):   2.638 
Sun Nov 14 20:28:51 EST 2021 | tT(mins):  16.856 |  f: 0 | RT(s):   7.538 | aRT(s):   6.483  maxRT(s):  13.763 | minRT(s):   2.638 
Sun Nov 14 20:28:54 EST 2021 | tT(mins):  16.904 |  f: 0 | RT(s):   2.794 | aRT(s):   6.460  maxRT(s):  13.763 | minRT(s):   2.638 
Sun Nov 14 20:29:01 EST 2021 | tT(mins):  17.17  |  f: 0 | RT(s):   6.725 | aRT(s):   6.462  maxRT(s):  13.763 | minRT(s):   2.638 
Sun Nov 14 20:29:10 EST 2021 | tT(mins):  17.170 |  f: 0 | RT(s):   9.94  | aRT(s):   6.479  maxRT(s):  13.763 | minRT(s):   2.638 
Sun Nov 14 20:29:13 EST 2021 | tT(mins):  17.230 |  f: 0 | RT(s):   3.521 | aRT(s):   6.461  maxRT(s):  13.763 | minRT(s):   2.638 
Sun Nov 14 20:29:20 EST 2021 | tT(mins):  17.345 |  f: 0 | RT(s):   6.876 | aRT(s):   6.464  maxRT(s):  13.763 | minRT(s):   2.638 
Sun Nov 14 20:29:26 EST 2021 | tT(mins):  17.442 |  f: 0 | RT(s):   5.712 | aRT(s):   6.460  maxRT(s):  13.763 | minRT(s):   2.638 
Sun Nov 14 20:29:29 EST 2021 | tT(mins):  17.493 |  f: 0 | RT(s):   2.990 | aRT(s):   6.439  maxRT(s):  13.763 | minRT(s):   2.638 
Sun Nov 14 20:29:38 EST 2021 | tT(mins):  17.643 |  f: 0 | RT(s):   8.987 | aRT(s):   6.455  maxRT(s):  13.763 | minRT(s):   2.638 
Sun Nov 14 20:29:43 EST 2021 | tT(mins):  17.728 |  f: 0 | RT(s):   5.24  | aRT(s):   6.446  maxRT(s):  13.763 | minRT(s):   2.638 
Sun Nov 14 20:29:54 EST 2021 | tT(mins):  17.907 |  f: 0 | RT(s):  10.673 | aRT(s):   6.472  maxRT(s):  13.763 | minRT(s):   2.638 
Sun Nov 14 20:30:00 EST 2021 | tT(mins):  18.4   |  f: 0 | RT(s):   5.714 | aRT(s):   6.468  maxRT(s):  13.763 | minRT(s):   2.638 
Sun Nov 14 20:30:05 EST 2021 | tT(mins):  18.89  |  f: 0 | RT(s):   5.69  | aRT(s):   6.460  maxRT(s):  13.763 | minRT(s):   2.638 
Sun Nov 14 20:30:10 EST 2021 | tT(mins):  18.182 |  f: 0 | RT(s):   5.476 | aRT(s):   6.455  maxRT(s):  13.763 | minRT(s):   2.638 
Sun Nov 14 20:30:13 EST 2021 | tT(mins):  18.226 |  f: 0 | RT(s):   2.572 | aRT(s):   6.432  maxRT(s):  13.763 | minRT(s):   2.572 
Sun Nov 14 20:30:20 EST 2021 | tT(mins):  18.349 |  f: 0 | RT(s):   7.314 | aRT(s):   6.438  maxRT(s):  13.763 | minRT(s):   2.572 
Sun Nov 14 20:30:26 EST 2021 | tT(mins):  18.435 |  f: 0 | RT(s):   5.97  | aRT(s):   6.430  maxRT(s):  13.763 | minRT(s):   2.572 
Sun Nov 14 20:30:33 EST 2021 | tT(mins):  18.550 |  f: 0 | RT(s):   6.858 | aRT(s):   6.433  maxRT(s):  13.763 | minRT(s):   2.572 
